INFO  20-11-26 23:15:58[restartedMain] [GitExApplication:55] - Starting GitExApplication using Java 15 on DESKTOP-P84U3PA with PID 10912 (D:\GitTest\GitEx\target\classes started by Son in D:\GitTest\GitEx)
INFO  20-11-26 23:15:58[restartedMain] [GitExApplication:660] - No active profile set, falling back to default profiles: default
INFO  20-11-26 23:15:59[restartedMain] [TomcatWebServer:108] - Tomcat initialized with port(s): 80 (http)
INFO  20-11-26 23:15:59[restartedMain] [StandardService:173] - Starting service [Tomcat]
INFO  20-11-26 23:15:59[restartedMain] [StandardEngine:173] - Starting Servlet engine: [Apache Tomcat/9.0.39]
INFO  20-11-26 23:15:59[restartedMain] [[/]:173] - Initializing Spring embedded WebApplicationContext
INFO  20-11-26 23:15:59[restartedMain] [ServletWebServerApplicationContext:289] - Root WebApplicationContext: initialization completed in 107 ms
INFO  20-11-26 23:15:59[restartedMain] [ThreadPoolTaskExecutor:181] - Initializing ExecutorService 'applicationTaskExecutor'
INFO  20-11-26 23:15:59[restartedMain] [OptionalLiveReloadServer:58] - LiveReload server is running on port 35729
INFO  20-11-26 23:15:59[restartedMain] [TomcatWebServer:220] - Tomcat started on port(s): 80 (http) with context path ''
INFO  20-11-26 23:15:59[restartedMain] [GitExApplication:61] - Started GitExApplication in 0.206 seconds (JVM running for 528.748)
INFO  20-11-26 23:15:59[restartedMain] [ConditionEvaluationDeltaLoggingListener:63] - Condition evaluation unchanged
INFO  20-11-26 23:17:08[Thread-13] [ThreadPoolTaskExecutor:218] - Shutting down ExecutorService 'applicationTaskExecutor'
INFO  20-11-26 23:17:08[restartedMain] [GitExApplication:55] - Starting GitExApplication using Java 15 on DESKTOP-P84U3PA with PID 10912 (D:\GitTest\GitEx\target\classes started by Son in D:\GitTest\GitEx)
INFO  20-11-26 23:17:08[restartedMain] [GitExApplication:660] - No active profile set, falling back to default profiles: default
INFO  20-11-26 23:17:08[restartedMain] [TomcatWebServer:108] - Tomcat initialized with port(s): 80 (http)
INFO  20-11-26 23:17:08[restartedMain] [StandardService:173] - Starting service [Tomcat]
INFO  20-11-26 23:17:08[restartedMain] [StandardEngine:173] - Starting Servlet engine: [Apache Tomcat/9.0.39]
INFO  20-11-26 23:17:08[restartedMain] [[/]:173] - Initializing Spring embedded WebApplicationContext
INFO  20-11-26 23:17:08[restartedMain] [ServletWebServerApplicationContext:289] - Root WebApplicationContext: initialization completed in 103 ms
INFO  20-11-26 23:17:08[restartedMain] [ThreadPoolTaskExecutor:181] - Initializing ExecutorService 'applicationTaskExecutor'
INFO  20-11-26 23:17:08[restartedMain] [OptionalLiveReloadServer:58] - LiveReload server is running on port 35729
INFO  20-11-26 23:17:08[restartedMain] [TomcatWebServer:220] - Tomcat started on port(s): 80 (http) with context path ''
INFO  20-11-26 23:17:08[restartedMain] [GitExApplication:61] - Started GitExApplication in 0.176 seconds (JVM running for 598.199)
INFO  20-11-26 23:17:08[restartedMain] [ConditionEvaluationDeltaLoggingListener:63] - Condition evaluation unchanged
INFO  20-11-26 23:17:19[Thread-20] [ThreadPoolTaskExecutor:218] - Shutting down ExecutorService 'applicationTaskExecutor'
INFO  20-11-26 23:17:19[restartedMain] [GitExApplication:55] - Starting GitExApplication using Java 15 on DESKTOP-P84U3PA with PID 10912 (D:\GitTest\GitEx\target\classes started by Son in D:\GitTest\GitEx)
INFO  20-11-26 23:17:19[restartedMain] [GitExApplication:660] - No active profile set, falling back to default profiles: default
INFO  20-11-26 23:17:19[restartedMain] [TomcatWebServer:108] - Tomcat initialized with port(s): 80 (http)
INFO  20-11-26 23:17:19[restartedMain] [StandardService:173] - Starting service [Tomcat]
INFO  20-11-26 23:17:19[restartedMain] [StandardEngine:173] - Starting Servlet engine: [Apache Tomcat/9.0.39]
INFO  20-11-26 23:17:19[restartedMain] [[/]:173] - Initializing Spring embedded WebApplicationContext
INFO  20-11-26 23:17:19[restartedMain] [ServletWebServerApplicationContext:289] - Root WebApplicationContext: initialization completed in 98 ms
INFO  20-11-26 23:17:19[restartedMain] [ThreadPoolTaskExecutor:181] - Initializing ExecutorService 'applicationTaskExecutor'
INFO  20-11-26 23:17:19[restartedMain] [OptionalLiveReloadServer:58] - LiveReload server is running on port 35729
INFO  20-11-26 23:17:19[restartedMain] [TomcatWebServer:220] - Tomcat started on port(s): 80 (http) with context path ''
INFO  20-11-26 23:17:19[restartedMain] [GitExApplication:61] - Started GitExApplication in 0.16 seconds (JVM running for 608.972)
INFO  20-11-26 23:17:19[restartedMain] [ConditionEvaluationDeltaLoggingListener:63] - Condition evaluation unchanged
INFO  20-11-26 23:17:41[Thread-25] [ThreadPoolTaskExecutor:218] - Shutting down ExecutorService 'applicationTaskExecutor'
INFO  20-11-26 23:17:41[restartedMain] [GitExApplication:55] - Starting GitExApplication using Java 15 on DESKTOP-P84U3PA with PID 10912 (D:\GitTest\GitEx\target\classes started by Son in D:\GitTest\GitEx)
INFO  20-11-26 23:17:41[restartedMain] [GitExApplication:660] - No active profile set, falling back to default profiles: default
INFO  20-11-26 23:17:41[restartedMain] [TomcatWebServer:108] - Tomcat initialized with port(s): 80 (http)
INFO  20-11-26 23:17:41[restartedMain] [StandardService:173] - Starting service [Tomcat]
INFO  20-11-26 23:17:41[restartedMain] [StandardEngine:173] - Starting Servlet engine: [Apache Tomcat/9.0.39]
INFO  20-11-26 23:17:41[restartedMain] [[/]:173] - Initializing Spring embedded WebApplicationContext
INFO  20-11-26 23:17:41[restartedMain] [ServletWebServerApplicationContext:289] - Root WebApplicationContext: initialization completed in 99 ms
INFO  20-11-26 23:17:41[restartedMain] [ThreadPoolTaskExecutor:181] - Initializing ExecutorService 'applicationTaskExecutor'
INFO  20-11-26 23:17:41[restartedMain] [OptionalLiveReloadServer:58] - LiveReload server is running on port 35729
INFO  20-11-26 23:17:41[restartedMain] [TomcatWebServer:220] - Tomcat started on port(s): 80 (http) with context path ''
INFO  20-11-26 23:17:41[restartedMain] [GitExApplication:61] - Started GitExApplication in 0.159 seconds (JVM running for 630.857)
INFO  20-11-26 23:17:41[restartedMain] [ConditionEvaluationDeltaLoggingListener:63] - Condition evaluation unchanged
INFO  20-11-26 23:18:38[Thread-30] [ThreadPoolTaskExecutor:218] - Shutting down ExecutorService 'applicationTaskExecutor'
ERROR 20-11-26 23:18:38[restartedMain] [SpringApplication:856] - Application run failed
java.lang.IllegalStateException: java.lang.IllegalStateException: Logback configuration error detected: 
ERROR in ch.qos.logback.core.joran.action.PropertyAction - Could not find resource [logback-local.properties].
	at org.springframework.boot.context.logging.LoggingApplicationListener.initializeSystem(LoggingApplicationListener.java:327)
	at org.springframework.boot.context.logging.LoggingApplicationListener.initialize(LoggingApplicationListener.java:281)
	at org.springframework.boot.context.logging.LoggingApplicationListener.onApplicationEnvironmentPreparedEvent(LoggingApplicationListener.java:239)
	at org.springframework.boot.context.logging.LoggingApplicationListener.onApplicationEvent(LoggingApplicationListener.java:216)
	at org.springframework.context.event.SimpleApplicationEventMulticaster.doInvokeListener(SimpleApplicationEventMulticaster.java:203)
	at org.springframework.context.event.SimpleApplicationEventMulticaster.invokeListener(SimpleApplicationEventMulticaster.java:196)
	at org.springframework.context.event.SimpleApplicationEventMulticaster.multicastEvent(SimpleApplicationEventMulticaster.java:170)
	at org.springframework.context.event.SimpleApplicationEventMulticaster.multicastEvent(SimpleApplicationEventMulticaster.java:148)
	at org.springframework.boot.context.event.EventPublishingRunListener.environmentPrepared(EventPublishingRunListener.java:82)
	at org.springframework.boot.SpringApplicationRunListeners.lambda$environmentPrepared$2(SpringApplicationRunListeners.java:63)
	at java.base/java.util.ArrayList.forEach(ArrayList.java:1511)
	at org.springframework.boot.SpringApplicationRunListeners.doWithListeners(SpringApplicationRunListeners.java:117)
	at org.springframework.boot.SpringApplicationRunListeners.doWithListeners(SpringApplicationRunListeners.java:111)
	at org.springframework.boot.SpringApplicationRunListeners.environmentPrepared(SpringApplicationRunListeners.java:62)
	at org.springframework.boot.SpringApplication.prepareEnvironment(SpringApplication.java:362)
	at org.springframework.boot.SpringApplication.run(SpringApplication.java:320)
	at org.springframework.boot.SpringApplication.run(SpringApplication.java:1309)
	at org.springframework.boot.SpringApplication.run(SpringApplication.java:1298)
	at com.example.demo.GitExApplication.main(GitExApplication.java:10)
	at java.base/jdk.internal.reflect.NativeMethodAccessorImpl.invoke0(Native Method)
	at java.base/jdk.internal.reflect.NativeMethodAccessorImpl.invoke(NativeMethodAccessorImpl.java:64)
	at java.base/jdk.internal.reflect.DelegatingMethodAccessorImpl.invoke(DelegatingMethodAccessorImpl.java:43)
	at java.base/java.lang.reflect.Method.invoke(Method.java:564)
	at org.springframework.boot.devtools.restart.RestartLauncher.run(RestartLauncher.java:49)
Caused by: java.lang.IllegalStateException: Logback configuration error detected: 
ERROR in ch.qos.logback.core.joran.action.PropertyAction - Could not find resource [logback-local.properties].
	at org.springframework.boot.logging.logback.LogbackLoggingSystem.loadConfiguration(LogbackLoggingSystem.java:175)
	at org.springframework.boot.logging.AbstractLoggingSystem.initializeWithConventions(AbstractLoggingSystem.java:80)
	at org.springframework.boot.logging.AbstractLoggingSystem.initialize(AbstractLoggingSystem.java:60)
	at org.springframework.boot.logging.logback.LogbackLoggingSystem.initialize(LogbackLoggingSystem.java:131)
	at org.springframework.boot.context.logging.LoggingApplicationListener.initializeSystem(LoggingApplicationListener.java:312)
	... 23 common frames omitted
INFO  20-11-26 23:19:02[restartedMain] [GitExApplication:55] - Starting GitExApplication using Java 15 on DESKTOP-P84U3PA with PID 10912 (D:\GitTest\GitEx\target\classes started by Son in D:\GitTest\GitEx)
INFO  20-11-26 23:19:02[restartedMain] [GitExApplication:664] - The following profiles are active: local
INFO  20-11-26 23:19:02[restartedMain] [TomcatWebServer:108] - Tomcat initialized with port(s): 80 (http)
INFO  20-11-26 23:19:02[restartedMain] [StandardService:173] - Starting service [Tomcat]
INFO  20-11-26 23:19:02[restartedMain] [StandardEngine:173] - Starting Servlet engine: [Apache Tomcat/9.0.39]
INFO  20-11-26 23:19:02[restartedMain] [[/]:173] - Initializing Spring embedded WebApplicationContext
INFO  20-11-26 23:19:02[restartedMain] [ServletWebServerApplicationContext:289] - Root WebApplicationContext: initialization completed in 120 ms
INFO  20-11-26 23:19:02[restartedMain] [ThreadPoolTaskExecutor:181] - Initializing ExecutorService 'applicationTaskExecutor'
INFO  20-11-26 23:19:02[restartedMain] [OptionalLiveReloadServer:58] - LiveReload server is running on port 35729
INFO  20-11-26 23:19:02[restartedMain] [TomcatWebServer:220] - Tomcat started on port(s): 80 (http) with context path ''
INFO  20-11-26 23:19:02[restartedMain] [GitExApplication:61] - Started GitExApplication in 0.191 seconds (JVM running for 711.984)
INFO  20-11-26 23:19:02[restartedMain] [ConditionEvaluationDeltaLoggingListener:63] - Condition evaluation unchanged
INFO  20-11-26 23:19:41[Thread-35] [ThreadPoolTaskExecutor:218] - Shutting down ExecutorService 'applicationTaskExecutor'
